<?xml version="1.0" encoding="UTF-8"?>
<!-- Generated by org.testng.reporters.JUnitReportReporter -->
<testsuite hostname="Lenovo-Ideapad" failures="0" tests="2" name="testclass.TC_GrampowerLoginPageTest" time="5.732" errors="0" timestamp="2023-10-26T09:23:26 IST" skipped="0">
  <testcase classname="testclass.TC_GrampowerLoginPageTest" name="validateTitle" time="0.030"/>
  <system-out/>
  <testcase classname="testclass.TC_GrampowerLoginPageTest" name="verifyLogin" time="5.702"/>
  <system-out/>
</testsuite> <!-- testclass.TC_GrampowerLoginPageTest -->
