<?xml version="1.0" encoding="UTF-8"?>
<!-- Generated by org.testng.reporters.JUnitReportReporter -->
<testsuite hostname="Lenovo-Ideapad" failures="0" tests="4" name="testclass.ProductTest" time="0.000" errors="0" timestamp="2023-10-23T04:45:57 IST" skipped="4">
  <testcase classname="testclass.ProductTest" name="validateFilter" time="0.000">
    <skipped/>
  </testcase> <!-- validateFilter -->
  <system-out/>
  <testcase classname="testclass.ProductTest" name="resetFilterValidation" time="0.000">
    <skipped/>
  </testcase> <!-- resetFilterValidation -->
  <system-out/>
  <testcase classname="testclass.ProductTest" name="sortingFilter" time="0.000">
    <skipped/>
  </testcase> <!-- sortingFilter -->
  <system-out/>
  <testcase classname="testclass.ProductTest" name="navToProduct" time="0.000">
    <skipped/>
  </testcase> <!-- navToProduct -->
  <system-out/>
</testsuite> <!-- testclass.ProductTest -->
